\BOOKMARK [0][-]{label:titlepage_en.0}{English title page}{}% 1
\BOOKMARK [0][-]{chapter*.2}{Preface}{}% 2
\BOOKMARK [0][-]{chapter.1}{1 Introduction}{}% 3
\BOOKMARK [1][-]{section.1.1}{1.1 Introduction}{chapter.1}% 4
\BOOKMARK [1][-]{section.1.2}{1.2 Hypothesis}{chapter.1}% 5
\BOOKMARK [1][-]{section.1.3}{1.3 Aims of the project}{chapter.1}% 6
\BOOKMARK [1][-]{section.1.4}{1.4 Assumptions}{chapter.1}% 7
\BOOKMARK [0][-]{chapter.2}{2 Development}{}% 8
\BOOKMARK [1][-]{section.2.1}{2.1 Description}{chapter.2}% 9
\BOOKMARK [1][-]{section.2.2}{2.2 Mechanical parts of the system}{chapter.2}% 10
\BOOKMARK [1][-]{section.2.3}{2.3 Electrical design}{chapter.2}% 11
\BOOKMARK [1][-]{section.2.4}{2.4 Model of jump up}{chapter.2}% 12
\BOOKMARK [1][-]{section.2.5}{2.5 Model of balancing in edge position}{chapter.2}% 13
\BOOKMARK [2][-]{subsection.2.5.1}{2.5.1 Nonlinear dynamics of the setup}{section.2.5}% 14
\BOOKMARK [2][-]{subsection.2.5.2}{2.5.2 State Space Model}{section.2.5}% 15
\BOOKMARK [1][-]{section.2.6}{2.6 Simulink model}{chapter.2}% 16
\BOOKMARK [1][-]{section.2.7}{2.7 Parameters identification}{chapter.2}% 17
\BOOKMARK [2][-]{subsection.2.7.1}{2.7.1 Mass centre}{section.2.7}% 18
\BOOKMARK [2][-]{subsection.2.7.2}{2.7.2 Motor friction coefficient}{section.2.7}% 19
\BOOKMARK [2][-]{subsection.2.7.3}{2.7.3 Friction coefficient of the body}{section.2.7}% 20
\BOOKMARK [1][-]{section.2.8}{2.8 Testing}{chapter.2}% 21
\BOOKMARK [0][-]{chapter.3}{3 Discussion}{}% 22
\BOOKMARK [1][-]{section.3.1}{3.1 Discussion}{chapter.3}% 23
\BOOKMARK [0][-]{chapter.4}{4 Conclusion}{}% 24
\BOOKMARK [1][-]{section.4.1}{4.1 Conclusion and perspective}{chapter.4}% 25
\BOOKMARK [0][-]{chapter*.12}{Bibliography}{}% 26
\BOOKMARK [0][-]{chapter.5}{5 Appendix}{}% 27
\BOOKMARK [1][-]{section.5.1}{5.1 Datasheets}{chapter.5}% 28
\BOOKMARK [2][-]{subsection.5.1.1}{5.1.1 BLDC motor}{section.5.1}% 29
\BOOKMARK [2][-]{subsection.5.1.2}{5.1.2 Motor driver}{section.5.1}% 30
\BOOKMARK [2][-]{subsection.5.1.3}{5.1.3 Servo motor for the breaking system}{section.5.1}% 31
\BOOKMARK [2][-]{subsection.5.1.4}{5.1.4 Matlab data file}{section.5.1}% 32
\BOOKMARK [2][-]{subsection.5.1.5}{5.1.5 Matlab state space model}{section.5.1}% 33
